[ID 1416] Type invalide (movie/serie)
[ID 2734] Type invalide (movie/serie)
[ID 4614] Type invalide (movie/serie)
[ID 1622] Type invalide (movie/serie)
[ID 456] Type invalide (movie/serie)

[ID 22980] Type invalide (movie/serie)
[ID 95479] Type invalide (movie/serie)
[ID 549] Type invalide (movie/serie)
[ID 1399] Type invalide (movie/serie)
[ID 1408] Type invalide (movie/serie)
[ID 60574] Type invalide (movie/serie)
[ID 59941] Type invalide (movie/serie)
[ID 5920] Type invalide (movie/serie)
[ID 33238] Type invalide (movie/serie)
[[ID 4604] Type invalide (movie/serie)

[ID 34307] Type invalide (movie/serie)
[ID 57243] Type invalide (movie/serie)
[ID 764] Type invalide (movie/serie)
[ID 1433] Type invalide (movie/serie)
[ID 4087] Type invalide (movie/serie)

[ID 1668] Type invalide (movie/serie)
[ID 46952] Type invalide (movie/serie)
[ID 66732] Type invalide (movie/serie)
[ID 3452] Type invalide (movie/serie)
[ID 4629] Type invalide (movie/serie)
[ID 2316] Type invalide (movie/serie)
[ID 1405] Type invalide (movie/serie)
[ID 1396] Type invalide (movie/serie)
[ID 202555] Type invalide (movie/serie)
[ID 49011] Type invalide (movie/serie)
[ID 60572] Type invalide (movie/serie)
[ID 1620] Type invalide (movie/serie)
[ID 85077] Type invalide (movie/serie)
[ID 124364] Type invalide (movie/serie)
[ID 32798] Type invalide (movie/serie)
[ID 2190] Type invalide (movie/serie)
[ID 1400] Type invalide (movie/serie)
[ID 44006] Type invalide (movie/serie)
[ID 1973] Type invalide (movie/serie)

[ID 71790] Type invalide (movie/serie)
[ID 1412] Type invalide (movie/serie)

[ID 17610] Type invalide (movie/serie)
[ID 82873] Type invalide (movie/serie)
[ID 1100] Type invalide (movie/serie)
[ID 71712] Type invalide (movie/serie)
[ID 57532] Type invalide (movie/serie)
[ID 2595] Type invalide (movie/serie)
[ID 1438] Type invalide (movie/serie)

[ID 18165] Type invalide (movie/serie)
[ID 111110] Type invalide (movie/serie)
[ID 3562] Type invalide (movie/serie)
[ID 1402] Type invalide (movie/serie)
[ID 4608] Type invalide (movie/serie)
[ID 56570] Type invalide (movie/serie)
[ID 37680] Type invalide (movie/serie)
[ID 12225] Type invalide (movie/serie)
[ID 250307] Type invalide (movie/serie)
[ID 4386] Type invalide (movie/serie)

[ID 80748] Type invalide (movie/serie)
[ID 13916] Type invalide (movie/serie)
[ID 1667] Type invalide (movie/serie)
[ID 44217] Type invalide (movie/serie)[ID 73586] Type invalide (movie/serie)
[ID 3034] Type invalide (movie/serie)
[ID 91239] Type invalide (movie/serie)
[ID 62650] Type invalide (movie/serie)
[ID 30983] Type invalide (movie/serie)
[ID 2691] Type invalide (movie/serie)
[ID 32692] Type invalide (movie/serie)
[ID 5092] Type invalide (movie/serie)

[ID 15260] Type invalide (movie/serie)
[ID 4419] Type invalide (movie/serie)
[ID 1407] Type invalide (movie/serie)
[ID 4598] Type invalide (movie/serie)
[ID 1415] Type invalide (movie/serie)
[ID 4556] Type invalide (movie/serie)
[ID 1705] Type invalide (movie/serie)
[ID 5021] Type invalide (movie/serie)
[ID 1508] Type invalide (movie/serie)

[ID 208569] Type invalide (movie/serie)[ID 60625] Type invalide (movie/serie)
[ID 5660] Type invalide (movie/serie)

[ID 65334] Type invalide (movie/serie)
[ID 202411] Type invalide (movie/serie)
[ID 87917] Type invalide (movie/serie)

[ID 655] Type invalide (movie/serie)
[ID 46298] Type invalide (movie/serie)
[ID 4601] Type invalide (movie/serie)

[ID 57706] Type invalide (movie/serie)
[ID 2406] Type invalide (movie/serie)
[ID 108978] Type invalide (movie/serie)
[ID 60059] Type invalide (movie/serie)
[ID 71728] Type invalide (movie/serie)
[ID 688] Type invalide (movie/serie)
[ID 2685] Type invalide (movie/serie)
[ID 90] Type invalide (movie/serie)
[ID 31910] Type invalide (movie/serie)
[ID 60622] Type invalide (movie/serie)
[ID 1855] Type invalide (movie/serie)
[ID 117465] Type invalide (movie/serie)
[ID 41956] Type invalide (movie/serie)
[ID 49009] Type invalide (movie/serie)
[ID 4396] Type invalide (movie/serie)

[ID 4586] Type invalide (movie/serie)

[ID 46260] Type invalide (movie/serie)
[ID 1981] Type invalide (movie/serie)
[ID 502] Type invalide (movie/serie)

[ID 4177] Type invalide (movie/serie)
[ID 873] Type invalide (movie/serie)
[ID 245927] Type invalide (movie/serie)
[ID 3022] Type invalide (movie/serie)
[ID 2625] Type invalide (movie/serie)
[ID 39272] Type invalide (movie/serie)
ID 1489] Type invalide (movie/serie)
[ID 1649] Type invalide (movie/serie)
[ID 220150] Type invalide (movie/serie)
[ID 4620] Type invalide (movie/serie)
[ID 790] Type invalide (movie/serie)
[ID 259265] Type invalide (movie/serie)
[ID 67136] Type invalide (movie/serie)
[ID 1417] Type invalide (movie/serie)

[ID 14658] Type invalide (movie/serie)
[ID 32726] Type invalide (movie/serie)
[ID 46296] Type invalide (movie/serie)
[ID 269] Type invalide (movie/serie)
[ID 4239] Type invalide (movie/serie)
[ID 1877] Type invalide (movie/serie)
[ID 220542] Type invalide (movie/serie)
[ID 45140] Type invalide (movie/serie)
[ID 39859] Type invalide (movie/serie)
[ID 74016] Type invalide (movie/serie)
[ID 2458] Type invalide (movie/serie)
[ID 484] Type invalide (movie/serie)

[ID 60708] Type invalide (movie/serie)
[ID 4574] Type invalide (movie/serie)
[ID 69050] Type invalide (movie/serie)
[ID 223911] Type invalide (movie/serie)
[ID 61457] Type invalide (movie/serie)
[ID 1403] Type invalide (movie/serie)
[ID 48866] Type invalide (movie/serie)
[ID 249597] Type invalide (movie/serie)
[ID 1104] Type invalide (movie/serie)
[ID 1639] Type invalide (movie/serie)


[ID 4920] Type invalide (movie/serie)

[ID 48891] Type invalide (movie/serie)
[ID 80006] Type invalide (movie/serie)
[ID 71912] Type invalide (movie/serie)
[ID 2025] Type invalide (movie/serie)
[ID 8514] Type invalide (movie/serie)
[ID 71026] Type invalide (movie/serie)
[ID 2004] Type invalide (movie/serie)
[ID 93405] Type invalide (movie/serie)
[ID 48865] Type invalide (movie/serie)
[ID 100010] Type invalide (movie/serie)
[ID 1021] Type invalide (movie/serie)
[ID 204746] Type invalide (movie/serie)
[ID 1424] Type invalide (movie/serie)
[ID 3137] Type invalide (movie/serie)

[ID 3968] Type invalide (movie/serie)
[ID 21510] Type invalide (movie/serie)
[ID 226637] Type invalide (movie/serie)
[ID 127532] Type invalide (movie/serie)
[ID 78191] Type invalide (movie/serie)
[ID 63247] Type invalide (movie/serie)
[ID 1418] Type invalide (movie/serie)

[ID 580] Type invalide (movie/serie)
[ID 6357] Type invalide (movie/serie)

[ID 62643] Type invalide (movie/serie)
[ID 67026] Type invalide (movie/serie)
[ID 615] Type invalide (movie/serie)
[ID 72896] Type invalide (movie/serie)
[ID 94664] Type invalide (movie/serie)
[ID 95] Type invalide (movie/serie)

[ID 32895] Type invalide (movie/serie)
[ID 45] Type invalide (movie/serie)
[ID 2710] Type invalide (movie/serie)
[ID 1422] Type invalide (movie/serie)
[ID 2171] Type invalide (movie/serie)
[ID 211288] Type invalide (movie/serie)
[ID 63639] Type invalide (movie/serie)
[ID 94372] Type invalide (movie/serie)
[ID 4630] Type invalide (movie/serie)

[ID 65494] Type invalide (movie/serie)
[ID 14210] Type invalide (movie/serie)
[ID 99121] Type invalide (movie/serie)
[ID 578] Type invalide (movie/serie)

[ID 31572] Type invalide (movie/serie)
ID 93] Type invalide (movie/serie)
[ID 121] Type invalide (movie/serie)
[ID 46195] Type invalide (movie/serie)
[ID 2290] Type invalide (movie/serie)
[ID 153312] Type invalide (movie/serie)
[ID 82728] Type invalide (movie/serie)
[ID 1940] Type invalide (movie/serie)
[ID 38693] Type invalide (movie/serie)
[ID 72649] Type invalide (movie/serie)
[ID 2527] Type invalide (movie/serie)
[ID 4349] Type invalide (movie/serie)
[ID 39429] Type invalide (movie/serie)
[ID 2352] Type invalide (movie/serie)
[ID 67198] Type invalide (movie/serie)
[ID 119051] Type invalide (movie/serie)
[ID 2875] Type invalide (movie/serie)
[ID 4018] Type invalide (movie/serie)
[ID 66046] Type invalide (movie/serie)
[ID 4482] Type invalide (movie/serie)
[ID 65931] Type invalide (movie/serie)
[ID 224372] Type invalide (movie/serie)
[ID 12786] Type invalide (movie/serie)
[ID 71789] Type invalide (movie/serie)
[ID 31991] Type invalide (movie/serie)
[ID 60797] Type invalide (movie/serie)
[ID 34163] Type invalide (movie/serie)
[ID 2303] Type invalide (movie/serie)

[ID 1908] Type invalide (movie/serie)


[ID 40] Type invalide (movie/serie)
[ID 3172] Type invalide (movie/serie)
[ID 4454] Type invalide (movie/serie)
[ID 77169] Type invalide (movie/serie)
[ID 2327] Type invalide (movie/serie)
[ID 9890] Type invalide (movie/serie)
[ID 62710] Type invalide (movie/serie)
[ID 600] Type invalide (movie/serie)

[ID 85991] Type invalide (movie/serie)
[ID 1428] Type invalide (movie/serie)
[ID 225891] Type invalide (movie/serie)
[ID 65270] Type invalide (movie/serie)
[ID 4333] Type invalide (movie/serie)
[ID 1181] Type invalide (movie/serie)

[ID 69478] Type invalide (movie/serie)
[ID 63401] Type invalide (movie/serie)
[ID 111803] Type invalide (movie/serie)
[ID 61511] Type invalide (movie/serie)
[ID 18779] Type invalide (movie/serie)
[ID 14069] Type invalide (movie/serie)
[ID 105] Type invalide (movie/serie)
[ID 503] Type invalide (movie/serie)
[ID 61381] Type invalide (movie/serie)
[ID 4616] Type invalide (movie/serie)
[ID 60585] Type invalide (movie/serie)
[ID 1432] Type invalide (movie/serie)
[ID 198182] Type invalide (movie/serie)
[ID 60761] Type invalide (movie/serie)
[ID 46896] Type invalide (movie/serie)
[ID 2287] Type invalide (movie/serie)
[ID 314] Type invalide (movie/serie)
[ID 61222] Type invalide (movie/serie)
[ID 3570] Type invalide (movie/serie)
[ID 1414] Type invalide (movie/serie)
[ID 106] Type invalide (movie/serie)
[ID 114478] Type invalide (movie/serie)
[ID 2389] Type invalide (movie/serie)

[ID 11174] Type invalide (movie/serie)
[ID 6081] Type invalide (movie/serie)
[ID 1685] Type invalide (movie/serie)

[ID 89393] Type invalide (movie/serie)
[ID 39185] Type invalide (movie/serie)

[ID 3769] Type invalide (movie/serie)
[ID 139060] Type invalide (movie/serie)
[ID 734] Type invalide (movie/serie)
)
[ID 3670] Type invalide (movie/serie)
[ID 31917] Type invalide (movie/serie)
[ID 918] Type invalide (movie/serie)
[ID 93740] Type invalide (movie/serie)
[ID 607] Type invalide (movie/serie)

[ID 2354] Type invalide (movie/serie)
[ID 97525] Type invalide (movie/serie)
[ID 4582] Type invalide (movie/serie)
[ID 240459] Type invalide (movie/serie)
[ID 95057] Type invalide (movie/serie)
[ID 47480] Type invalide (movie/serie)
[ID 1429] Type invalide (movie/serie)
[ID 45857] Type invalide (movie/serie)
[ID 73833] Type invalide (movie/serie)
[ID 83867] Type invalide (movie/serie)
[ID 1972] Type invalide (movie/serie)

[ID 106379] Type invalide (movie/serie)
[ID 4238] Type invalide (movie/serie)

[ID 1950] Type invalide (movie/serie)
[ID 50712] Type invalide (movie/serie)
[ID 100088] Type invalide (movie/serie)
[ID 243881] Type invalide (movie/serie)
[ID 8592] Type invalide (movie/serie)
[ID 35610] Type invalide (movie/serie)
[ID 60694] Type invalide (movie/serie)
[ID 52910] Type invalide (movie/serie)
[ID 3382] Type invalide (movie/serie)
[ID 67075] Type invalide (movie/serie)

[ID 46786] Type invalide (movie/serie)
[ID 496] Type invalide (movie/serie)

[ID 64356] Type invalide (movie/serie)
[ID 61056] Type invalide (movie/serie)
[ID 129552] Type invalide (movie/serie)
[ID 2473] Type invalide (movie/serie)

[ID 61692] Type invalide (movie/serie)
[ID 5371] Type invalide (movie/serie)

[ID 4270] Type invalide (movie/serie)

[ID 31724] Type invalide (movie/serie)
[ID 1516] Type invalide (movie/serie)
[ID 4357] Type invalide (movie/serie)
[ID 45247] Type invalide (movie/serie)
[ID 31936] Type invalide (movie/serie)
[ID 69500] Type invalide (movie/serie)
[ID 900] Type invalide (movie/serie)

[ID 30] Type invalide (movie/serie)
[ID 4455] Type invalide (movie/serie)
[ID 154524] Type invalide (movie/serie)
[ID 73375] Type invalide (movie/serie)
[ID 3940] Type invalide (movie/serie)
[ID 110492] Type invalide (movie/serie)
[ID 512] Type invalide (movie/serie)
[ID 119495] Type invalide (movie/serie)
[ID 200709] Type invalide (movie/serie)
D 80350] Type invalide (movie/serie)
[ID 28502] Type invalide (movie/serie)
[ID 61852] Type invalide (movie/serie)
[ID 474] Type invalide (movie/serie)
[ID 62117] Type invalide (movie/serie)
[ID 12337] Type invalide (movie/serie)
[ID 62852] Type invalide (movie/serie)
[ID 2604] Type invalide (movie/serie)
[ID 82856] Type invalide (movie/serie)
[ID 1621] Type invalide (movie/serie)
[ID 2140] Type invalide (movie/serie)
[ID 32910] Type invalide (movie/serie)
[ID 41727] Type invalide (movie/serie)

[ID 64513] Type invalide (movie/serie)

[ID 72517] Type invalide (movie/serie)
[ID 67384] Type invalide (movie/serie)
[ID 67116] Type invalide (movie/serie)
[ID 87940] Type invalide (movie/serie)
[ID 61374] Type invalide (movie/serie)
[ID 76331] Type invalide (movie/serie)
[ID 95396] Type invalide (movie/serie)
[ID 123249] Type invalide (movie/serie)
[ID 651] Type invalide (movie/serie)

[ID 61387] Type invalide (movie/serie)
[ID 3716] Type invalide (movie/serie)
[ID 32368] Type invalide (movie/serie)

[ID 194766] Type invalide (movie/serie)
[ID 154526] Type invalide (movie/serie)
[ID 67460] Type invalide (movie/serie)
[ID 4660] Type invalide (movie/serie)
[ID 13286] Type invalide (movie/serie)
[ID 61923] Type invalide (movie/serie)
[ID 261145] Type invalide (movie/serie)
[ID 83121] Type invalide (movie/serie)
[ID 4229] Type invalide (movie/serie)
[ID 125988] Type invalide (movie/serie)
[ID 46437] Type invalide (movie/serie)
[ID 2947] Type invalide (movie/serie)
[ID 37632] Type invalide (movie/serie)
[ID 1486] Type invalide (movie/serie)

[ID 6127] Type invalide (movie/serie)
[ID 10283] Type invalide (movie/serie)
[ID 2317] Type invalide (movie/serie)
[ID 258865] Type invalide (movie/serie)
[ID 82] Type invalide (movie/serie)
)
[ID 1781] Type invalide (movie/serie)
[ID 61175] Type invalide (movie/serie)
[ID 12536] Type invalide (movie/serie)
[ID 131041] Type invalide (movie/serie)
[ID 2673] Type invalide (movie/serie)

[ID 52814] Type invalide (movie/serie)
[ID 212989] Type invalide (movie/serie)
[ID 605] Type invalide (movie/serie)

[ID 33907] Type invalide (movie/serie)
[ID 79593] Type invalide (movie/serie)

[ID 27845] Type invalide (movie/serie)
[ID 158154] Type invalide (movie/serie)
[ID 38251] Type invalide (movie/serie)
[ID 19885] Type invalide (movie/serie)

[ID 39297] Type invalide (movie/serie)
[ID 242867] Type invalide (movie/serie)
[ID 2919] Type invalide (movie/serie)

[ID 125935] Type invalide (movie/serie)
[ID 195670] Type invalide (movie/serie)
[ID 157744] Type invalide (movie/serie)
[ID 86831] Type invalide (movie/serie)

[ID 4610] Type invalide (movie/serie)

[ID 247718] Type invalide (movie/serie)
D 61378] Type invalide (movie/serie)
[ID 39276] Type invalide (movie/serie)
[ID 44857] Type invalide (movie/serie)
[ID 76075] Type invalide (movie/serie)
[ID 2585] Type invalide (movie/serie)
[ID 4266] Type invalide (movie/serie)

[ID 110316] Type invalide (movie/serie)
[ID 45094] Type invalide (movie/serie)
[ID 213402] Type invalide (movie/serie)
[ID 2093] Type invalide (movie/serie)
[ID 76757] Type invalide (movie/serie)
[ID 902] Type invalide (movie/serie)
[ID 95480] Type invalide (movie/serie)
[ID 87108] Type invalide (movie/serie)
[ID 121964] Type invalide (movie/serie)
[ID 240] Type invalide (movie/serie)
[ID 84958] Type invalide (movie/serie)
ID 1596] Type invalide (movie/serie)
[ID 46880] Type invalide (movie/serie)
[ID 68854] Type invalide (movie/serie)
[ID 63926] Type invalide (movie/serie)

[ID 47640] Type invalide (movie/serie)
[ID 255661] Type invalide (movie/serie)
[ID 292474] Type invalide (movie/serie)
[ID 1423] Type invalide (movie/serie)
[ID 91363] Type invalide (movie/serie)
[ID 68073] Type invalide (movie/serie)
[ID 46533] Type invalide (movie/serie)
[ID 1660] Type invalide (movie/serie)
[ID 71785] Type invalide (movie/serie)
[ID 200875] Type invalide (movie/serie)
[ID 60802] Type invalide (movie/serie)
[ID 172] Type invalide (movie/serie)

[ID 240740] Type invalide (movie/serie)
[ID 46004] Type invalide (movie/serie)
[ID 987] Type invalide (movie/serie)
[ID 30991] Type invalide (movie/serie)
[ID 120317] Type invalide (movie/serie)
[ID 65708] Type invalide (movie/serie)
[ID 71738] Type invalide (movie/serie)

[ID 90937] Type invalide (movie/serie)
[ID 53787] Type invalide (movie/serie)
[ID 3764] Type invalide (movie/serie)
[ID 95205] Type invalide (movie/serie)
[ID 14451] Type invalide (movie/serie)
[ID 2304] Type invalide (movie/serie)
[ID 63351] Type invalide (movie/serie)
[ID 301507] Type invalide (movie/serie)
[ID 107124] Type invalide (movie/serie)
[ID 21220] Type invalide (movie/serie)
[ID 75450] Type invalide (movie/serie)
[ID 63398] Type invalide (movie/serie)
[ID 4571] Type invalide (movie/serie)

[ID 32868] Type invalide (movie/serie)
[ID 240411] Type invalide (movie/serie)
[ID 2855] Type invalide (movie/serie)

[ID 1274] Type invalide (movie/serie)
[ID 1930] Type invalide (movie/serie)
[ID 2883] Type invalide (movie/serie)

[ID 1059] Type invalide (movie/serie)
[ID 3772] Type invalide (movie/serie)
[ID 107113] Type invalide (movie/serie)
[ID 2985] Type invalide (movie/serie)

[ID 3097] Type invalide (movie/serie)
[ID 34634] Type invalide (movie/serie)
[ID 241372] Type invalide (movie/serie)
[ID 81292] Type invalide (movie/serie)

[ID 35894] Type invalide (movie/serie)
[ID 1998] Type invalide (movie/serie)
[ID 424] Type invalide (movie/serie)
[ID 88324] Type invalide (movie/serie)
[ID 1549] Type invalide (movie/serie)
[ID 3346] Type invalide (movie/serie)
[ID 2840] Type invalide (movie/serie)
[ID 73362] Type invalide (movie/serie)
[ID 50] Type invalide (movie/serie)
[ID 1678] Type invalide (movie/serie)
[ID 61733] Type invalide (movie/serie)
[ID 117488] Type invalide (movie/serie)
[ID 5375] Type invalide (movie/serie)
[ID 43901] Type invalide (movie/serie)
[ID 60573] Type invalide (movie/serie)
[ID 85949] Type invalide (movie/serie)
[ID 21762] Type invalide (movie/serie)
[ID 888] Type invalide (movie/serie)
[ID 103254] Type invalide (movie/serie)
[ID 114655] Type invalide (movie/serie)
[ID 4269] Type invalide (movie/serie)
[ID 81329] Type invalide (movie/serie)
[ID 5050] Type invalide (movie/serie)

[ID 2233] Type invalide (movie/serie)
[ID 1436] Type invalide (movie/serie)
[ID 61440] Type invalide (movie/serie)

[ID 93166] Type invalide (movie/serie)
[ID 259140] Type invalide (movie/serie)
[ID 40008] Type invalide (movie/serie)
[ID 3696] Type invalide (movie/serie)
[ID 76773] Type invalide (movie/serie)
[ID 100281] Type invalide (movie/serie)
[ID 66875] Type invalide (movie/serie)
[ID 61865] Type invalide (movie/serie)
[ID 237529] Type invalide (movie/serie)
[ID 4860] Type invalide (movie/serie)
[ID 50035] Type invalide (movie/serie)
[ID 62017] Type invalide (movie/serie)
[ID 65336] Type invalide (movie/serie)
[ID 256721] Type invalide (movie/serie)
[ID 204832] Type invalide (movie/serie)
[ID 98123] Type invalide (movie/serie)
[ID 65844] Type invalide (movie/serie)
[ID 71914] Type invalide (movie/serie)
[ID 2398] Type invalide (movie/serie)

[ID 4392] Type invalide (movie/serie)
[ID 66671] Type invalide (movie/serie)
[ID 97617] Type invalide (movie/serie)
[ID 1706] Type invalide (movie/serie)
[ID 36046] Type invalide (movie/serie)
[ID 62320] Type invalide (movie/serie)
[ID 114410] Type invalide (movie/serie)
[ID 5080] Type invalide (movie/serie)

[ID 4613] Type invalide (movie/serie)
[ID 799] Type invalide (movie/serie)

[ID 33056] Type invalide (movie/serie)
[ID 219246] Type invalide (movie/serie)
[ID 46412] Type invalide (movie/serie)
[ID 2345] Type invalide (movie/serie)

[ID 58937] Type invalide (movie/serie)
[ID 947] Type invalide (movie/serie)
[ID 46052] Type invalide (movie/serie)
[ID 31497] Type invalide (movie/serie)
[ID 4686] Type invalide (movie/serie)
[ID 196400] Type invalide (movie/serie)
ID 34967] Type invalide (movie/serie)
[ID 1777] Type invalide (movie/serie)

[ID 63706] Type invalide (movie/serie)
[ID 79501] Type invalide (movie/serie)
[ID 37305] Type invalide (movie/serie)
[ID 46661] Type invalide (movie/serie)
[ID 229192] Type invalide (movie/serie)
[ID 158373] Type invalide (movie/serie)
[ID 299172] Type invalide (movie/serie)
[ID 65305] Type invalide (movie/serie)

[ID 74440] Type invalide (movie/serie)
[ID 235635] Type invalide (movie/serie)
[ID 2328] Type invalide (movie/serie)

[ID 61663] Type invalide (movie/serie)
[ID 82596] Type invalide (movie/serie)
[ID 227975] Type invalide (movie/serie)
[ID 207250] Type invalide (movie/serie)
[ID 138357] Type invalide (movie/serie)
[ID 1739] Type invalide (movie/serie)

[ID 207784] Type invalide (movie/serie)
[ID 8358] Type invalide (movie/serie)
[ID 67178] Type invalide (movie/serie)
[ID 112613] Type invalide (movie/serie)
[ID 3163] Type invalide (movie/serie)
[ID 44277] Type invalide (movie/serie)

[ID 60833] Type invalide (movie/serie)
[ID 37759] Type invalide (movie/serie)
[ID 1892] Type invalide (movie/serie)
[ID 31654] Type invalide (movie/serie)

[ID 71446] Type invalide (movie/serie)
[ID 2822] Type invalide (movie/serie)

[ID 273160] Type invalide (movie/serie)
[ID 2942] Type invalide (movie/serie)
[ID 897] Type invalide (movie/serie)
)
[ID 104711] Type invalide (movie/serie)
[ID 82591] Type invalide (movie/serie)

[ID 281016] Type invalide (movie/serie)
[ID 197368] Type invalide (movie/serie)
[ID 1026] Type invalide (movie/serie)
[ID 82684] Type invalide (movie/serie)
[ID 65294] Type invalide (movie/serie)
[ID 252] Type invalide (movie/serie)

[ID 3477] Type invalide (movie/serie)
[ID 1027] Type invalide (movie/serie)

[ID 7235] Type invalide (movie/serie)
[ID 124920] Type invalide (movie/serie)
[ID 160] Type invalide (movie/serie)
[ID 64196] Type invalide (movie/serie)
[ID 90282] Type invalide (movie/serie)
[[ID 126308] Type invalide (movie/serie)
[ID 46928] Type invalide (movie/serie)
[ID 1401] Type invalide (movie/serie)
[ID 71663] Type invalide (movie/serie)
[ID 90812] Type invalide (movie/serie)
[ID 33880] Type invalide (movie/serie)
[ID 67040] Type invalide (movie/serie)
[ID 100757] Type invalide (movie/serie)
[ID 115857] Type invalide (movie/serie)
[ID 4448] Type invalide (movie/serie)

[ID 121787] Type invalide (movie/serie)
[ID 206799] Type invalide (movie/serie)
[ID 105971] Type invalide (movie/serie)
[ID 3033] Type invalide (movie/serie)

[ID 61405] Type invalide (movie/serie)
[ID 117024] Type invalide (movie/serie)
[ID 90955] Type invalide (movie/serie)
[ID 202297] Type invalide (movie/serie)
[ID 8392] Type invalide (movie/serie)

[ID 4681] Type invalide (movie/serie)
[ID 34891] Type invalide (movie/serie)
[ID 56219] Type invalide (movie/serie)
[ID 10151] Type invalide (movie/serie)
[ID 117581] Type invalide (movie/serie)
[ID 254821] Type invalide (movie/serie)
[ID 93221] Type invalide (movie/serie)
[ID 64199] Type invalide (movie/serie)

[ID 34109] Type invalide (movie/serie)
[ID 85349] Type invalide (movie/serie)
[ID 2355] Type invalide (movie/serie)
[ID 17937] Type invalide (movie/serie)
[ID 46518] Type invalide (movie/serie)
[ID 116450] Type invalide (movie/serie)
[ID 65930] Type invalide (movie/serie)
[ID 758] Type invalide (movie/serie)
[ID 59659] Type invalide (movie/serie)
[ID 71715] Type invalide (movie/serie)
[ID 5031] Type invalide (movie/serie)
[ID 216074] Type invalide (movie/serie)
[ID 3051] Type invalide (movie/serie)
[ID 61628] Type invalide (movie/serie)
[ID 236994] Type invalide (movie/serie)
[ID 61339] Type invalide (movie/serie)
[ID 117376] Type invalide (movie/serie)
[ID 61367] Type invalide (movie/serie)
[ID 208891] Type invalide (movie/serie)
[ID 95269] Type invalide (movie/serie)
[ID 155780] Type invalide (movie/serie)
[ID 89247] Type invalide (movie/serie)
[ID 136915] Type invalide (movie/serie)
[ID 4881] Type invalide (movie/serie)
[ID 566] Type invalide (movie/serie)
[ID 42509] Type invalide (movie/serie)

[ID 70796] Type invalide (movie/serie)
[ID 96580] Type invalide (movie/serie)

[ID 95550] Type invalide (movie/serie)
[ID 118357] Type invalide (movie/serie)
[ID 43168] Type invalide (movie/serie)
[ID 233194] Type invalide (movie/serie)
[ID 106301] Type invalide (movie/serie)
[ID 4545] Type invalide (movie/serie)
[ID 2617] Type invalide (movie/serie)
[ID 73544] Type invalide (movie/serie)
[ID 37585] Type invalide (movie/serie)
[ID 271609] Type invalide (movie/serie)
[ID 21755] Type invalide (movie/serie)
[ID 32390] Type invalide (movie/serie)
[ID 259731] Type invalide (movie/serie)
[ID 204266] Type invalide (movie/serie)
[ID 504] Type invalide (movie/serie)
[ID 1925] Type invalide (movie/serie)
[ID 251] Type invalide (movie/serie)
)
[ID 1242] Type invalide (movie/serie)
[ID 223530] Type invalide (movie/serie)
[ID 90872] Type invalide (movie/serie)
[ID 3876] Type invalide (movie/serie)
[ID 13837] Type invalide (movie/serie)
[ID 79611] Type invalide (movie/serie)

[ID 62] Type invalide (movie/serie)

[ID 4344] Type invalide (movie/serie)
[ID 654] Type invalide (movie/serie)
[ID 4020] Type invalide (movie/serie)

[ID 61459] Type invalide (movie/serie)
[ID 64163] Type invalide (movie/serie)
[ID 61933] Type invalide (movie/serie)
[ID 604] Type invalide (movie/serie)

[ID 433] Type invalide (movie/serie)
[ID 72237] Type invalide (movie/serie)
[ID 39107] Type invalide (movie/serie)
[ID 66980] Type invalide (movie/serie)
[ID 65417] Type invalide (movie/serie)
[ID 213306] Type invalide (movie/serie)
[ID 62974] Type invalide (movie/serie)
[ID 18520] Type invalide (movie/serie)

[ID 62126] Type invalide (movie/serie)
[ID 62255] Type invalide (movie/serie)
[ID 58832] Type invalide (movie/serie)
[ID 80623] Type invalide (movie/serie)
[ID 1974] Type invalide (movie/serie)
[ID 13265] Type invalide (movie/serie)
[ID 91997] Type invalide (movie/serie)

[ID 68507] Type invalide (movie/serie)
[ID 66310] Type invalide (movie/serie)

[ID 96738] Type invalide (movie/serie)

[ID 31941] Type invalide (movie/serie)
[ID 30093] Type invalide (movie/serie)
[ID 209707] Type invalide (movie/serie)
[ID 39373] Type invalide (movie/serie)
[ID 6040] Type invalide (movie/serie)
[ID 67063] Type invalide (movie/serie)
[ID 75787] Type invalide (movie/serie)
[ID 51704] Type invalide (movie/serie)
[ID 29310] Type invalide (movie/serie)

[ID 114477] Type invalide (movie/serie)
[ID 82782] Type invalide (movie/serie)

[ID 1439] Type invalide (movie/serie)
[ID 90027] Type invalide (movie/serie)
[ID 9899] Type invalide (movie/serie)
[ID 10906] Type invalide (movie/serie)
[ID 18014] Type invalide (movie/serie)
[ID 92461] Type invalide (movie/serie)

[ID 62565] Type invalide (movie/serie)
[ID 46262] Type invalide (movie/serie)
[ID 2038] Type invalide (movie/serie)
[ID 277665] Type invalide (movie/serie)
[ID 2153] Type invalide (movie/serie)
[ID 61223] Type invalide (movie/serie)
[ID 3719] Type invalide (movie/serie)

[ID 83100] Type invalide (movie/serie)
[ID 1437] Type invalide (movie/serie)
[ID 32419] Type invalide (movie/serie)
[ID 120155] Type invalide (movie/serie)
[ID 111255] Type invalide (movie/serie)
[ID 712] Type invalide (movie/serie)
)
[ID 37807] Type invalide (movie/serie)

[ID 139130] Type invalide (movie/serie)
[ID 121848] Type invalide (movie/serie)
[ID 62517] Type invalide (movie/serie)
[ID 18352] Type invalide (movie/serie)
[ID 282846] Type invalide (movie/serie)
[ID 283673] Type invalide (movie/serie)
[ID 10219] Type invalide (movie/serie)
[ID 2720] Type invalide (movie/serie)
[ID 12998] Type invalide (movie/serie)
[ID 249854] Type invalide (movie/serie)
[ID 211684] Type invalide (movie/serie)
[ID 100988] Type invalide (movie/serie)
[ID 24710] Type invalide (movie/serie)
[ID 69630] Type invalide (movie/serie)
[ID 21494] Type invalide (movie/serie)
[ID 62822] Type invalide (movie/serie)
[ID 153657] Type invalide (movie/serie)
[ID 240932] Type invalide (movie/serie)
[ID 1682] Type invalide (movie/serie)

[ID 1546] Type invalide (movie/serie)
[ID 99995] Type invalide (movie/serie)
[ID 88384] Type invalide (movie/serie)
[ID 96402] Type invalide (movie/serie)
[ID 246862] Type invalide (movie/serie)
[ID 34415] Type invalide (movie/serie)

[ID 208397] Type invalide (movie/serie)
[ID 61461] Type invalide (movie/serie)
[ID 40302] Type invalide (movie/serie)
[ID 1568] Type invalide (movie/serie)
[ID 1749] Type invalide (movie/serie)
[ID 85853] Type invalide (movie/serie)
[ID 43348] Type invalide (movie/serie)
[ID 110309] Type invalide (movie/serie)
[ID 16395] Type invalide (movie/serie)
[ID 14009] Type invalide (movie/serie)
[ID 2490] Type invalide (movie/serie)
[ID 99969] Type invalide (movie/serie)
[ID 9877] Type invalide (movie/serie)

[ID 105248] Type invalide (movie/serie)
[ID 69316] Type invalide (movie/serie)
[ID 65676] Type invalide (movie/serie)
[ID 44856] Type invalide (movie/serie)
[ID 45209] Type invalide (movie/serie)

[ID 25117] Type invalide (movie/serie)
[ID 61406] Type invalide (movie/serie)

[ID 5307] Type invalide (movie/serie)

[ID 281044] Type invalide (movie/serie)
[ID 206484] Type invalide (movie/serie)
[ID 46879] Type invalide (movie/serie)

[ID 73021] Type invalide (movie/serie)
[ID 76059] Type invalide (movie/serie)
[[ID 59427] Type invalide (movie/serie)
[ID 79622] Type invalide (movie/serie)
[ID 234] Type invalide (movie/serie)
[ID 2041] Type invalide (movie/serie)
[ID 243216] Type invalide (movie/serie)
[ID 120013] Type invalide (movie/serie)
[ID 42500] Type invalide (movie/serie)
[ID 210733] Type invalide (movie/serie)
[ID 78173] Type invalide (movie/serie)
[ID 111819] Type invalide (movie/serie)
[ID 78471] Type invalide (movie/serie)

[ID 241811] Type invalide (movie/serie)
[ID 289560] Type invalide (movie/serie)
[ID 321] Type invalide (movie/serie)

[ID 1849] Type invalide (movie/serie)
[ID 122826] Type invalide (movie/serie)
[ID 43221] Type invalide (movie/serie)
[ID 2211] Type invalide (movie/serie)
[ID 278704] Type invalide (movie/serie)
[ID 65495] Type invalide (movie/serie)

[ID 64710] Type invalide (movie/serie)

[ID 1769] Type invalide (movie/serie)
[ID 15768] Type invalide (movie/serie)
[ID 261868] Type invalide (movie/serie)
[ID 11567] Type invalide (movie/serie)
[ID 55866] Type invalide (movie/serie)
[ID 204716] Type invalide (movie/serie)
[ID 32709] Type invalide (movie/serie)
[ID 286801] Type invalide (movie/serie)
[ID 94951] Type invalide (movie/serie)
[ID 277222] Type invalide (movie/serie)
[ID 10048] Type invalide (movie/serie)
[ID 284838] Type invalide (movie/serie)
[ID 39379] Type invalide (movie/serie)
[ID 2586] Type invalide (movie/serie)
[ID 2612] Type invalide (movie/serie)

[ID 61864] Type invalide (movie/serie)

[ID 281010] Type invalide (movie/serie)
[ID 103768] Type invalide (movie/serie)
[ID 61664] Type invalide (movie/serie)
[ID 68295] Type invalide (movie/serie)
[ID 58981] Type invalide (movie/serie)
[ID 66250] Type invalide (movie/serie)
[ID 936] Type invalide (movie/serie)
[ID 62181] Type invalide (movie/serie)
[ID 45844] Type invalide (movie/serie)

[ID 113137] Type invalide (movie/serie)
[ID 7704] Type invalide (movie/serie)
[ID 901] Type invalide (movie/serie)


[ID 65712] Type invalide (movie/serie)
[ID 316790] Type invalide (movie/serie)
[ID 198004] Type invalide (movie/serie)
[ID 132664] Type invalide (movie/serie)
[ID 2399] Type invalide (movie/serie)

[ID 238843] Type invalide (movie/serie)
[ID 156510] Type invalide (movie/serie)
[ID 14956] Type invalide (movie/serie)
[ID 118303] Type invalide (movie/serie)
[ID 39357] Type invalide (movie/serie)
[ID 72505] Type invalide (movie/serie)
[ID 279136] Type invalide (movie/serie)
[ID 787] Type invalide (movie/serie)
[ID 2023] Type invalide (movie/serie)
[ID 4438] Type invalide (movie/serie)
[ID 259909] Type invalide (movie/serie)
[ID 115694] Type invalide (movie/serie)
[ID 492] Type invalide (movie/serie)
[ID 229676] Type invalide (movie/serie)
[ID 43097] Type invalide (movie/serie)
[ID 63406] Type invalide (movie/serie)
[ID 3414] Type invalide (movie/serie)
[ID 46286] Type invalide (movie/serie)
[ID 136283] Type invalide (movie/serie)
[ID 253811] Type invalide (movie/serie)
[ID 13587] Type invalide (movie/serie)
[ID 62327] Type invalide (movie/serie)

[ID 61431] Type invalide (movie/serie)

[ID 652] Type invalide (movie/serie)
[ID 63161] Type invalide (movie/serie)

[ID 247767] Type invalide (movie/serie)
[ID 80736] Type invalide (movie/serie)
[ID 68814] Type invalide (movie/serie)
[ID 67175] Type invalide (movie/serie)
[ID 250162] Type invalide (movie/serie)
[ID 42916] Type invalide (movie/serie)
[ID 90521] Type invalide (movie/serie)
[ID 242762] Type invalide (movie/serie)
[ID 1480] Type invalide (movie/serie)
[ID 245026] Type invalide (movie/serie)
 89572] Type invalide (movie/serie)
[ID 5148] Type invalide (movie/serie)

[ID 220269] Type invalide (movie/serie)
[ID 4550] Type invalide (movie/serie)

[ID 138502] Type invalide (movie/serie)
[ID 257992] Type invalide (movie/serie)
[ID 81502] Type invalide (movie/serie)
[ID 92090] Type invalide (movie/serie)
[ID 207863] Type invalide (movie/serie)
[ID 252320] Type invalide (movie/serie)
[ID 138441] Type invalide (movie/serie)
[ID 1229] Type invalide (movie/serie)
[ID 53721] Type invalide (movie/serie)
[ID 256744] Type invalide (movie/serie)
[ID 42295] Type invalide (movie/serie)
[ID 43004] Type invalide (movie/serie)
[ID 2418] Type invalide (movie/serie)
[ID 94404] Type invalide (movie/serie)
[ID 478] Type invalide (movie/serie)
[ID 80054] Type invalide (movie/serie)

[ID 62474] Type invalide (movie/serie)
[ID 2583] Type invalide (movie/serie)

[ID 39510] Type invalide (movie/serie)

[ID 206828] Type invalide (movie/serie)
[ID 127641] Type invalide (movie/serie)
[ID 66078] Type invalide (movie/serie)
[ID 13941] Type invalide (movie/serie)
[ID 60603] Type invalide (movie/serie)
[ID 5895] Type invalide (movie/serie)

[ID 285739] Type invalide (movie/serie)
[ID 11285] Type invalide (movie/serie)
[ID 236385] Type invalide (movie/serie)
[ID 106502] Type invalide (movie/serie)
[ID 32573] Type invalide (movie/serie)
[ID 1487] Type invalide (movie/serie)
[ID 237565] Type invalide (movie/serie)
[ID 387] Type invalide (movie/serie)
)
[ID 310935] Type invalide (movie/serie)
[ID 10305] Type invalide (movie/serie)
[ID 100350] Type invalide (movie/serie)
[ID 1999] Type invalide (movie/serie)

[ID 14763] Type invalide (movie/serie)

[ID 31631] Type invalide (movie/serie)
[ID 212588] Type invalide (movie/serie)
[ID 33623] Type invalide (movie/serie)
[ID 99530] Type invalide (movie/serie)
[ID 128071] Type invalide (movie/serie)
[ID 9907] Type invalide (movie/serie)
[ID 1712] Type invalide (movie/serie)
[ID 155292] Type invalide (movie/serie)
[ID 253193] Type invalide (movie/serie)
[ID 83095] Type invalide (movie/serie)
[ID 4107] Type invalide (movie/serie)
[ID 85021] Type invalide (movie/serie)

[ID 67195] Type invalide (movie/serie)
[ID 42272] Type invalide (movie/serie)

[ID 198152] Type invalide (movie/serie)
[ID 31766] Type invalide (movie/serie)
[ID 2560] Type invalide (movie/serie)

[ID 104699] Type invalide (movie/serie)
[ID 76033] Type invalide (movie/serie)
[ID 85519] Type invalide (movie/serie)

[ID 92579] Type invalide (movie/serie)
[ID 36041] Type invalide (movie/serie)
[ID 45013] Type invalide (movie/serie)
[ID 138501] Type invalide (movie/serie)
[ID 254474] Type invalide (movie/serie)
[ID 213830] Type invalide (movie/serie)
[ID 201992] Type invalide (movie/serie)
[ID 63157] Type invalide (movie/serie)
[ID 217211] Type invalide (movie/serie)
[ID 4579] Type invalide (movie/serie)
[ID 156197] Type invalide (movie/serie)
[ID 4382] Type invalide (movie/serie)
[ID 72736] Type invalide (movie/serie)

[ID 62875] Type invalide (movie/serie)
[ID 60728] Type invalide (movie/serie)
[ID 91552] Type invalide (movie/serie)
[ID 202998] Type invalide (movie/serie)
[ID 121509] Type invalide (movie/serie)
[ID 208067] Type invalide (movie/serie)
[ID 82822] Type invalide (movie/serie)
[ID 931] Type invalide (movie/serie)
)
[ID 2142] Type invalide (movie/serie)

[ID 71116] Type invalide (movie/serie)
[ID 42729] Type invalide (movie/serie)
[ID 245292] Type invalide (movie/serie)
[ID 2085] Type invalide (movie/serie)

[ID 1895] Type invalide (movie/serie)
[ID 91094] Type invalide (movie/serie)

[ID 204635] Type invalide (movie/serie)
[ID 300054] Type invalide (movie/serie)
[ID 68005] Type invalide (movie/serie)

[ID 60667] Type invalide (movie/serie)
[ID 75214] Type invalide (movie/serie)
[ID 80281] Type invalide (movie/serie)
[ID 97890] Type invalide (movie/serie)
[ID 75758] Type invalide (movie/serie)
[ID 254853] Type invalide (movie/serie)
[ID 85922] Type invalide (movie/serie)
[ID 90296] Type invalide (movie/serie)

[ID 90461] Type invalide (movie/serie)
[ID 4493] Type invalide (movie/serie)
[ID 78254] Type invalide (movie/serie)
[ID 37584] Type invalide (movie/serie)
[ID 83509] Type invalide (movie/serie)
[ID 258680] Type invalide (movie/serie)
[ID 7098] Type invalide (movie/serie)
[ID 67697] Type invalide (movie/serie)

[ID 31709] Type invalide (movie/serie)
[ID 78950] Type invalide (movie/serie)
[ID 56353] Type invalide (movie/serie)
[ID 1750] Type invalide (movie/serie)

[ID 62569] Type invalide (movie/serie)

[ID 225634] Type invalide (movie/serie)
[ID 91768] Type invalide (movie/serie)
[ID 19092] Type invalide (movie/serie)
[ID 126280] Type invalide (movie/serie)
[ID 29200] Type invalide (movie/serie)

[ID 206] Type invalide (movie/serie)
[ID 110382] Type invalide (movie/serie)[ID 12050] Type invalide (movie/serie)
[ID 80986] Type invalide (movie/serie)
[ID 64541] Type invalide (movie/serie)
[ID 62335] Type invalide (movie/serie)
[ID 4241] Type invalide (movie/serie)
[ID 195339] Type invalide (movie/serie)
[ID 86430] Type invalide (movie/serie)
[ID 213442] Type invalide (movie/serie)
[ID 2798] Type invalide (movie/serie)

[ID 77694] Type invalide (movie/serie)
[ID 113378] Type invalide (movie/serie)
[ID 1426] Type invalide (movie/serie)
[ID 74415] Type invalide (movie/serie)
[ID 71915] Type invalide (movie/serie)
[ID 71453] Type invalide (movie/serie)
[ID 62450] Type invalide (movie/serie)

[ID 99073] Type invalide (movie/serie)
[ID 65817] Type invalide (movie/serie)
[ID 62481] Type invalide (movie/serie)
[ID 122369] Type invalide (movie/serie)
[ID 33] Type invalide (movie/serie)
[ID 1812] Type invalide (movie/serie)
[ID 61833] Type invalide (movie/serie)
[ID 201289] Type invalide (movie/serie)
[ID 241609] Type invalide (movie/serie)
[ID 62823] Type invalide (movie/serie)
[ID 113256] Type invalide (movie/serie)
[ID 25722] Type invalide (movie/serie)
[ID 2126] Type invalide (movie/serie)
[ID 154385] Type invalide (movie/serie)
[ID 37851] Type invalide (movie/serie)
[ID 38867] Type invalide (movie/serie)
[ID 21732] Type invalide (movie/serie)
[ID 62741] Type invalide (movie/serie)
[ID 202284] Type invalide (movie/serie)
[ID 37681] Type invalide (movie/serie)

[ID 91764] Type invalide (movie/serie)
[ID 202097] Type invalide (movie/serie)
[ID 93287] Type invalide (movie/serie)
[ID 32022] Type invalide (movie/serie)
[ID 92592] Type invalide (movie/serie)
[ID 21731] Type invalide (movie/serie)
[ID 17174] Type invalide (movie/serie)
[ID 260823] Type invalide (movie/serie)
[ID 23374] Type invalide (movie/serie)
[ID 82766] Type invalide (movie/serie)
[ID 293144] Type invalide (movie/serie)
[ID 69061] Type invalide (movie/serie)
[ID 815] Type invalide (movie/serie)
[ID 100436] Type invalide (movie/serie)
[ID 2777] Type invalide (movie/serie)
[ID 90660] Type invalide (movie/serie)
[ID 88046] Type invalide (movie/serie)
[ID 9041] Type invalide (movie/serie)

[ID 33025] Type invalide (movie/serie)
[ID 249695] Type invalide (movie/serie)
[ID 5107] Type invalide (movie/serie)

[ID 197067] Type invalide (movie/serie)
[ID 73036] Type invalide (movie/serie)
[ID 210] Type invalide (movie/serie)

[ID 21788] Type invalide (movie/serie)
[ID 46930] Type invalide (movie/serie)
[ID 278577] Type invalide (movie/serie)
[ID 83251] Type invalide (movie/serie)
[ID 240682] Type invalide (movie/serie)
[ID 16660] Type invalide (movie/serie)
[ID 123525] Type invalide (movie/serie)
[ID 216272] Type invalide (movie/serie)
[ID 262700] Type invalide (movie/serie)
[ID 83314] Type invalide (movie/serie)
[ID 195966] Type invalide (movie/serie)
[ID 43775] Type invalide (movie/serie)
[ID 77396] Type invalide (movie/serie)
[ID 79788] Type invalide (movie/serie)
[ID 67126] Type invalide (movie/serie)
[ID 281161] Type invalide (movie/serie)
[ID 81127] Type invalide (movie/serie)
[ID 255064] Type invalide (movie/serie)
[ID 3425] Type invalide (movie/serie)

[ID 53296] Type invalide (movie/serie)
[ID 2428] Type invalide (movie/serie)
[ID 62455] Type invalide (movie/serie)
[ID 3840] Type invalide (movie/serie)
[ID 79588] Type invalide (movie/serie)
[ID 239214] Type invalide (movie/serie)
[ID 67419] Type invalide (movie/serie)

[ID 214875] Type invalide (movie/serie)
[ID 130368] Type invalide (movie/serie)
[ID 281058] Type invalide (movie/serie)
[ID 85385] Type invalide (movie/serie)
[ID 67575] Type invalide (movie/serie)

[ID 34391] Type invalide (movie/serie)
[ID 71024] Type invalide (movie/serie)
[ID 72748] Type invalide (movie/serie)
[ID 254071] Type invalide (movie/serie)
[ID 67628] Type invalide (movie/serie)

[ID 121792] Type invalide (movie/serie)
[ID 66676] Type invalide (movie/serie)
[ID 99083] Type invalide (movie/serie)
[ID 87428] Type invalide (movie/serie)
[ID 410] Type invalide (movie/serie)
[ID 198170] Type invalide (movie/serie)
[ID 74035] Type invalide (movie/serie)
[ID 4332] Type invalide (movie/serie)
[ID 81046] Type invalide (movie/serie)
[ID 203489] Type invalide (movie/serie)
[ID 112160] Type invalide (movie/serie)
[ID 2362] Type invalide (movie/serie)

[ID 80213] Type invalide (movie/serie)
[ID 34075] Type invalide (movie/serie)
[ID 118541] Type invalide (movie/serie)
[ID 129959] Type invalide (movie/serie)
[ID 8838] Type invalide (movie/serie)

[[ID 91875] Type invalide (movie/serie)
[[ID 75208] Type invalide (movie/serie)
[ID 14525] Type invalide (movie/serie)
[ID 30778] Type invalide (movie/serie)
[ID 128839] Type invalide (movie/serie)
[ID 70881] Type invalide (movie/serie)
[ID 108184] Type invalide (movie/serie)
[ID 2692] Type invalide (movie/serie)

[ID 61259] Type invalide (movie/serie)
[ID 195407] Type invalide (movie/serie)
[ID 231280] Type invalide (movie/serie)
[ID 81074] Type invalide (movie/serie)
[ID 127714] Type invalide (movie/serie)
[ID 120911] Type invalide (movie/serie)
[ID 34186] Type invalide (movie/serie)
[ID 45388] Type invalide (movie/serie)
[ID 56590] Type invalide (movie/serie)
[ID 62273] Type invalide (movie/serie)
[ID 66111] Type invalide (movie/serie)
[ID 39898] Type invalide (movie/serie)
[ID 39325] Type invalide (movie/serie)
[ID 1921] Type invalide (movie/serie)
[ID 272059] Type invalide (movie/serie)
[ID 156218] Type invalide (movie/serie)
[ID 32900] Type invalide (movie/serie)

[ID 64010] Type invalide (movie/serie)
[ID 272118] Type invalide (movie/seri[ID 219063] Type invalide (movie/serie)
[ID 295366] Type invalide (movie/serie)
[ID 68267] Type invalide (movie/serie)
[ID 61695] Type invalide (movie/serie)
[ID 23406] Type invalide (movie/serie)

[ID 243501] Type invalide (movie/serie)
[ID 245684] Type invalide (movie/serie)
ID 69017] Type invalide (movie/serie)
[ID 95171] Type invalide (movie/serie)
[ID 3556] Type invalide (movie/serie)

[ID 36983] Type invalide (movie/serie)
[ID 250504] Type invalide (movie/serie)
[ID 64228] Type invalide (movie/serie)
[ID 75777] Type invalide (movie/serie)
[ID 280945] Type invalide (movie/serie)
[ID 91026] Type invalide (movie/serie)
[ID 127599] Type invalide (movie/serie)
[ID 44684] Type invalide (movie/serie)
[ID 276349] Type invalide (movie/serie)
[ID 15871] Type invalide (movie/serie)
[ID 3308] Type invalide (movie/serie)
[ID 38148] Type invalide (movie/serie)
[ID 221851] Type invalide (movie/serie)
[ID 133748] Type invalide (movie/serie)
[ID 38003] Type invalide (movie/serie)
[ID 46922] Type invalide (movie/serie)
[ID 69346] Type invalide (movie/serie)
[ID 20432] Type invalide (movie/serie)
[ID 89440] Type invalide (movie/serie)
[ID 123818] Type invalide (movie/serie)
[ID 100368] Type invalide (movie/serie)
[ID 63712] Type invalide (movie/serie)

[ID 259544] Type invalide (movie/serie)
[ID 71578] Type invalide (movie/serie)
[ID 274671] Type invalide (movie/serie)
[ID 280948] Type invalide (movie/serie)
[ID 37858] Type invalide (movie/serie)
[ID 67265] Type invalide (movie/serie)
[ID 78798] Type invalide (movie/serie)
[ID 278378] Type invalide (movie/serie)
[ID 92649] Type invalide (movie/serie)
[ID 1375] Type invalide (movie/serie)
[ID 112738] Type invalide (movie/serie)
[ID 37101] Type invalide (movie/serie)
[ID 204541] Type invalide (movie/serie)
[ID 75975] Type invalide (movie/serie)
[ID 72705] Type invalide (movie/serie)
[ID 877] Type invalide (movie/serie)
[ID 194774] Type invalide (movie/serie)
[ID 106393] Type invalide (movie/serie)
[ID 82895] Type invalide (movie/serie)
[ID 69293] Type invalide (movie/serie)
[ID 228026] Type invalide (movie/serie)
[ID 78] Type invalide (movie/serie)
[ID 61441] Type invalide (movie/serie)
[ID 46975] Type invalide (movie/serie)

[ID 117378] Type invalide (movie/serie)
[ID 207484] Type invalide (movie/serie)
[ID 14689] Type invalide (movie/serie)
[ID 80564] Type invalide (movie/serie)
[ID 232926] Type invalide (movie/serie)
[ID 247859] Type invalide (movie/serie)
[ID 79084] Type invalide (movie/serie)

[ID 130464] Type invalide (movie/serie)
[ID 79166] Type invalide (movie/serie)
[ID 67015] Type invalide (movie/serie)
[ID 240446] Type invalide (movie/serie)
[ID 62264] Type invalide (movie/serie)
[ID 109958] Type invalide (movie/serie)[ID 106009] Type invalide (movie/serie)
[ID 83135] Type invalide (movie/serie)
[ID 81133] Type invalide (movie/serie)
[ID 2286] Type invalide (movie/serie)
[ID 3222] Type invalide (movie/serie)
[ID 90677] Type invalide (movie/serie)
[ID 606] Type invalide (movie/serie)
[ID 50042] Type invalide (movie/serie)

[ID 9895] Type invalide (movie/serie)

[ID 125928] Type invalide (movie/serie)
[ID 64706] Type invalide (movie/serie)

[ID 6972] Type invalide (movie/serie)
[ID 86686] Type invalide (movie/serie)
[ID 108891] Type invalide (movie/serie)
[ID 63409] Type invalide (movie/serie)
[ID 108181] Type invalide (movie/serie)
[ID 46350] Type invalide (movie/serie)
[ID 94693] Type invalide (movie/serie)
[ID 214540] Type invalide (movie/serie)
[ID 71493] Type invalide (movie/serie)
[ID 196369] Type invalide (movie/serie)
[ID 71340] Type invalide (movie/serie)
[ID 70573] Type invalide (movie/serie)
[ID 60811] Type invalide (movie/serie)
[ID 4076] Type invalide (movie/serie)

[ID 95486] Type invalide (movie/serie)
[ID 65648] Type invalide (movie/serie)
[ID 10393] Type invalide (movie/serie)
[ID 44371] Type invalide (movie/serie)
[ID 60803] Type invalide (movie/serie)
[ID 61854] Type invalide (movie/serie)
[ID 83524] Type invalide (movie/serie)
[ID 211051] Type invalide (movie/serie)
[ID 76759] Type invalide (movie/serie)
[ID 62773] Type invalide (movie/serie)
[ID 229443] Type invalide (movie/serie)
[ID 284] Type invalide (movie/serie)

[ID 42445] Type invalide (movie/serie)
[ID 203040] Type invalide (movie/serie)
[ID 71737] Type invalide (movie/serie)

[ID 21750] Type invalide (movie/serie)
[ID 81114] Type invalide (movie/serie)
[ID 51828] Type invalide (movie/serie)
[ID 299778] Type invalide (movie/serie)
[ID 126725] Type invalide (movie/serie)
[ID 216523] Type invalide (movie/serie)
[ID 5157] Type invalide (movie/serie)

[ID 138948] Type invalide (movie/serie)
[ID 214264] Type invalide (movie/serie)
[ID 59375] Type invalide (movie/serie)
[ID 243224] Type invalide (movie/serie)
[ID 131141] Type invalide (movie/serie)
[ID 118956] Type invalide (movie/serie)
[ID 249545] Type invalide (movie/serie)
[ID 44305] Type invalide (movie/serie)
[ID 94796] Type invalide (movie/serie)
[ID 3854] Type invalide (movie/serie)
[ID 996] Type invalide (movie/serie)
[ID 2566] Type invalide (movie/serie)

[ID 127327] Type invalide (movie/serie)
[ID 229926] Type invalide (movie/serie)
[ID 4459] Type invalide (movie/serie)


[ID 54671] Type invalide (movie/serie)

[ID 61112] Type invalide (movie/serie)
[ID 260609] Type invalide (movie/serie)
[ID 65493] Type invalide (movie/serie)
[ID 289892] Type invalide (movie/serie)
[ID 262929] Type invalide (movie/serie)
[ID 249042] Type invalide (movie/serie)
[ID 2235] Type invalide (movie/serie)
[ID 1931] Type invalide (movie/serie)
[ID 201889] Type invalide (movie/serie)
[ID 124067] Type invalide (movie/serie)
[ID 94028] Type invalide (movie/serie)
[ID 39362] Type invalide (movie/serie)
[ID 70649] Type invalide (movie/serie)
[ID 203687] Type invalide (movie/serie)
[ID 94686] Type invalide (movie/serie)
[ID 18632] Type invalide (movie/serie)
[ID 154825] Type invalide (movie/serie)
[ID 63576] Type invalide (movie/serie)

[ID 37780] Type invalide (movie/serie)
[ID 64375] Type invalide (movie/serie)
[ID 114656] Type invalide (movie/serie)
[ID 313298] Type invalide (movie/serie)
[ID 133938] Type invalide (movie/serie)
[ID 539] Type invalide (movie/serie)
[ID 85990] Type invalide (movie/serie)
[ID 476] Type invalide (movie/serie)
)
[ID 134667] Type invalide (movie/serie)
[ID 1098] Type invalide (movie/serie)

[ID 75191] Type invalide (movie/serie)
[ID 233347] Type invalide (movie/serie)
[ID 194583] Type invalide (movie/serie)
[ID 3902] Type invalide (movie/serie)
[ID 3345] Type invalide (movie/serie)
[ID 114472] Type invalide (movie/serie)
[ID 66558] Type invalide (movie/serie)
[ID 157367] Type invalide (movie/serie)
[[ID 65798] Type invalide (movie/serie)
[ID 66584] Type invalide (movie/serie)

[ID 98892] Type invalide (movie/serie)
[ID 15158] Type invalide (movie/serie)
[ID 3856] Type invalide (movie/serie)

[ID 107001] Type invalide (movie/serie)
[ID 92788] Type invalide (movie/serie)
[ID 54] Type invalide (movie/serie)
e)
[ID 61423] Type invalide (movie/serie)
[ID 30810] Type invalide (movie/serie)
[ID 64254] Type invalide (movie/serie)

[ID 96914] Type invalide (movie/serie)
[ID 520] Type invalide (movie/serie)
)
[ID 3486] Type invalide (movie/serie)
[ID 7011] Type invalide (movie/serie)
[ID 98491] Type invalide (movie/serie)
[ID 94541] Type invalide (movie/serie)
[ID 7087] Type invalide (movie/serie)
[ID 50180] Type invalide (movie/serie)
[ID 86423] Type invalide (movie/serie)
[ID 216] Type invalide (movie/serie)

[ID 156563] Type invalide (movie/serie)
[ID 35507] Type invalide (movie/serie)

[ID 254476] Type invalide (movie/serie)
[ID 285386] Type invalide (movie/serie)
[ID 71225] Type invalide (movie/serie)
[ID 116727] Type invalide (movie/serie)
[ID 73925] Type invalide (movie/serie)

[ID 76139] Type invalide (movie/serie)
[ID 133282] Type invalide (movie/serie)
[ID 33951] Type invalide (movie/serie)
[ID 217409] Type invalide (movie/serie)
[ID 155440] Type invalide (movie/serie)
[ID 222233] Type invalide (movie/serie)
[ID 117303] Type invalide (movie/serie)
[ID 112624] Type invalide (movie/serie)
[ID 126824] Type invalide (movie/serie)
[ID 9045] Type invalide (movie/serie)

[ID 63522] Type invalide (movie/serie)
[ID 81667] Type invalide (movie/serie)
[ID 157950] Type invalide (movie/serie)
[ID 61871] Type invalide (movie/serie)
[ID 133282] Type invalide (movie/serie)
[ID 73925] Type invalide (movie/serie)
[ID 33951] Type invalide (movie/serie)
[ID 155440] Type invalide (movie/serie)
[ID 217409] Type invalide (movie/serie)
[ID 126824] Type invalide (movie/serie)
[ID 112624] Type invalide (movie/serie)
[ID 9045] Type invalide (movie/serie)
[ID 93749] Type invalide (movie/serie)
[ID 61915] Type invalide (movie/serie)

[ID 61871] Type invalide (movie/serie)

[ID 81667] Type invalide (movie/serie)
[ID 157950] Type invalide (movie/serie)
[ID 133282] Type invalide (movie/serie)
[ID 73925] Type invalide (movie/serie)

[ID 217409] Type invalide (movie/serie)
[ID 117303] Type invalide (movie/serie)
[ID 63522] Type invalide (movie/serie)

[ID 61871] Type invalide (movie/serie)
[ID 157950] Type invalide (movie/serie)
ID 126824] Type invalide (movie/serie)
[ID 252640] Type invalide (movie/serie)
[ID 71225] Type invalide (movie/serie)

[ID 73925] Type invalide (movie/serie)
[ID 61915] Type invalide (movie/serie)
[ID 217409] Type invalide (movie/serie)
[ID 63522] Type invalide (movie/serie)

[ID 117303] Type invalide (movie/serie)
[ID 222233] Type invalide (movie/serie)
[ID 112624] Type invalide (movie/serie)
[ID 9045] Type invalide (movie/serie)
[ID 93749] Type invalide (movie/serie)
[ID 71225] Type invalide (movie/serie)
[ID 157950] Type invalide (movie/serie)
[ID 61871] Type invalide (movie/serie)
[ID 133282] Type invalide (movie/serie)
[ID 73925] Type invalide (movie/serie)

[ID 61915] Type invalide (movie/serie)
[ID 117303] Type invalide (movie/serie)
[ID 222233] Type invalide (movie/serie)
[ID 63522] Type invalide (movie/serie)
[ID 93749] Type invalide (movie/serie)

[ID 9045] Type invalide (movie/serie)

[ID 157950] Type invalide (movie/serie)
[ID 212055] Type invalide (movie/serie)
[ID 11279] Type invalide (movie/serie)
[ID 4015] Type invalide (movie/serie)
[ID 167] Type invalide (movie/serie)
[ID 2742] Type invalide (movie/serie)
[ID 66551] Type invalide (movie/serie)
[ID 80537] Type invalide (movie/serie)
[ID 2437] Type invalide (movie/serie)
[ID 124643] Type invalide (movie/serie)
[ID 134843] Type invalide (movie/serie)
[ID 114413] Type invalide (movie/serie)
[ID 34045] Type invalide (movie/serie)

[ID 212055] Type invalide (movie/serie)
[ID 4015] Type invalide (movie/serie)
[ID 2742] Type invalide (movie/serie)

[ID 80537] Type invalide (movie/serie)
[ID 2437] Type invalide (movie/serie)

[ID 167] Type invalide (movie/serie)
[ID 134843] Type invalide (movie/serie)
[ID 62884] Type invalide (movie/serie)
[ID 118821] Type invalide (movie/serie)
[ID 13778] Type invalide (movie/serie)

[ID 2184] Type invalide (movie/serie)
[ID 211564] Type invalide (movie/serie)
[ID 71904] Type invalide (movie/serie)
[ID 34045] Type invalide (movie/serie)
[ID 11279] Type invalide (movie/serie)
[[ID 212055] Type invalide (movie/serie[ID 121702] Type invalide (movie/serie)
[ID 2742] Type invalide (movie/serie)

[ID 80537] Type invalide (movie/serie)
[ID 124643] Type invalide (movie/serie)
[ID 134843] Type invalide (movie/serie)
[ID 114413] Type invalide (movie/serie)
[ID 118821] Type invalide (movie/serie)
[ID 62884] Type invalide (movie/serie)
[ID 13778] Type invalide (movie/serie)
[ID 71904] Type invalide (movie/serie)

[ID 11279] Type invalide (movie/serie)
[ID 167] Type invalide (movie/serie)
)
[ID 2742] Type invalide (movie/serie)
[ID 80537] Type invalide (movie/serie)

[ID 2437] Type invalide (movie/serie)
[ID 66551] Type invalide (movie/serie)
[ID 118821] Type invalide (movie/serie)
[ID 71904] Type invalide (movie/serie)
[ID 62884] Type invalide (movie/serie)
[ID 13778] Type invalide (movie/serie)
[ID 2184] Type invalide (movie/serie)
[ID 34045] Type invalide (movie/serie)

[ID 4575] Type invalide (movie/serie)

[ID 167] Type invalide (movie/serie)
[ID 4015] Type invalide (movie/serie)
[ID 2742] Type invalide (movie/serie)
[ID 66551] Type invalide (movie/serie)
[ID 114413] Type invalide (movie/serie)
[ID 2437] Type invalide (movie/serie)
[ID 124643] Type invalide (movie/serie)
[ID 118821] Type invalide (movie/serie)
[ID 13778] Type invalide (movie/serie)
[ID 2184] Type invalide (movie/serie)

[ID 34045] Type invalide (movie/serie)
[ID 211564] Type invalide (movie/serie)
[ID 158258] Type invalide (movie/serie)
[ID 3810] Type invalide (movie/serie)

[ID 157226] Type invalide (movie/serie)
[ID 61408] Type invalide (movie/serie)
[ID 234910] Type invalide (movie/serie)
[ID 81141] Type invalide (movie/serie)
[ID 56343] Type invalide (movie/serie)
[ID 67111] Type invalide (movie/serie)
[ID 42589] Type invalide (movie/serie)
[ID 1600] Type invalide (movie/serie)
[ID 96203] Type invalide (movie/serie)
[ID 83659] Type invalide (movie/serie)

[ID 91275] Type invalide (movie/serie)
[ID 157226] Type invalide (movie/serie)
[ID 94244] Type invalide (movie/serie)

[ID 61408] Type invalide (movie/serie)
[ID 3810] Type invalide (movie/serie)
[ID 9103] Type invalide (movie/serie)
[ID 234910] Type invalide (movie/serie)
[ID 95631] Type invalide (movie/serie)
[ID 56343] Type invalide (movie/serie)
[ID 67111] Type invalide (movie/serie)
[ID 42589] Type invalide (movie/serie)
[ID 91275] Type invalide (movie/serie)
[ID 241554] Type invalide (movie/serie)
[ID 96203] Type invalide (movie/serie)
[ID 94244] Type invalide (movie/serie)

[ID 158258] Type invalide (movie/serie)
[ID 61408] Type invalide (movie/serie)
[ID 157226] Type invalide (movie/serie)
[ID 3810] Type invalide (movie/serie)
[ID 234910] Type invalide (movie/serie)
[ID 9103] Type invalide (movie/serie)
[ID 81141] Type invalide (movie/serie)
[ID 56343] Type invalide (movie/serie)
[ID 95631] Type invalide (movie/serie)
[ID 1600] Type invalide (movie/serie)
[ID 83659] Type invalide (movie/serie)
[ID 42589] Type invalide (movie/serie)

[ID 96203] Type invalide (movie/serie)
[ID 158258] Type invalide (movie/serie)
[ID 91275] Type invalide (movie/serie)
[ID 157226] Type invalide (movie/serie)
[ID 61408] Type invalide (movie/serie)
[ID 56343] Type invalide (movie/serie)
[ID 9103] Type invalide (movie/serie)
[ID 280100] Type invalide (movie/serie)
[ID 234910] Type invalide (movie/serie)
[ID 81141] Type invalide (movie/serie)
[ID 42589] Type invalide (movie/serie)
[ID 83659] Type invalide (movie/serie)
[ID 1600] Type invalide (movie/serie)
[ID 91275] Type invalide (movie/serie)
[ID 241554] Type invalide (movie/serie)
[ID 209845] Type invalide (movie/serie)
[ID 158258] Type invalide (movie/serie)
[ID 94244] Type invalide (movie/serie)
[ID 61408] Type invalide (movie/serie)

[ID 3810] Type invalide (movie/serie)
[ID 234910] Type invalide (movie/serie)
[ID 9103] Type invalide (movie/serie)
[ID 95631] Type invalide (movie/serie)
[ID 56343] Type invalide (movie/serie)
[ID 83659] Type invalide (movie/serie)
[ID 96203] Type invalide (movie/serie)
[ID 241554] Type invalide (movie/serie)